<?xml version="1.0"?>
<testsuite name="HeadlessChrome 74.0.3723 (Mac OS X 10.14.3)" package="" timestamp="2019-03-15T19:44:32" id="0" hostname="elliot-grieco-eth.bobst.nyu.edu" tests="1" errors="0" failures="0" time="0.001">
  <properties>
    <property name="browser.fullName" value="Mozilla/5.0 (Macintosh; Intel Mac OS X 10_14_3) AppleWebKit/537.36 (KHTML, like Gecko) HeadlessChrome/74.0.3723.0 Safari/537.36"/>
  </properties>
  <testcase name="test is true" time="0.001" classname="HeadlessChrome_74_0_3723_(Mac_OS_X_10_14_3).test"/>
  <system-out>
    <![CDATA[
]]>
  </system-out>
  <system-err/>
</testsuite>